<?xml version="1.0" encoding="UTF-8"?>
<!-- Generated by org.testng.reporters.JUnitReportReporter -->
<testsuite skipped="0" hostname="ip-172-31-83-34" name="Phase3.GetRequest" tests="1" failures="0" timestamp="03 Dec 2021 07:27:39 GMT" time="1.678" errors="0">
  <testcase name="GetCall" time="1.678" classname="Phase3.GetRequest"/>
</testsuite> <!-- Phase3.GetRequest -->
