<?xml version="1.0" encoding="UTF-8"?>
<!-- Generated by org.testng.reporters.JUnitReportReporter -->
<testsuite skipped="0" hostname="ip-172-31-83-34" name="Phase3.PostRequest" tests="1" failures="0" timestamp="03 Dec 2021 07:27:39 GMT" time="0.316" errors="0">
  <testcase name="PostCall" time="0.316" classname="Phase3.PostRequest"/>
</testsuite> <!-- Phase3.PostRequest -->
